<?xml version="1.0" encoding="UTF-8"?>
<testsuite xmlns:xsi="http://www.w3.org/2001/XMLSchema-instance" xsi:noNamespaceSchemaLocation="https://maven.apache.org/surefire/maven-surefire-plugin/xsd/surefire-test-report.xsd" name="storm.tridentStorm.AppTest" time="0.015" tests="1" errors="0" skipped="0" failures="0">
  <properties>
    <property name="sun.desktop" value="windows"/>
    <property name="awt.toolkit" value="sun.awt.windows.WToolkit"/>
    <property name="file.encoding.pkg" value="sun.io"/>
    <property name="java.specification.version" value="1.8"/>
    <property name="sun.cpu.isalist" value="amd64"/>
    <property name="sun.jnu.encoding" value="Cp1252"/>
    <property name="java.class.path" value="C:\myworkspace\github\tridentStorm\target\test-classes;C:\myworkspace\github\tridentStorm\target\classes;C:\Users\AC26252\.m2\repository\junit\junit\3.8.1\junit-3.8.1.jar;C:\Users\AC26252\.m2\repository\org\apache\storm\storm-core\1.2.2\storm-core-1.2.2.jar;C:\Users\AC26252\.m2\repository\com\esotericsoftware\kryo\3.0.3\kryo-3.0.3.jar;C:\Users\AC26252\.m2\repository\com\esotericsoftware\reflectasm\1.10.1\reflectasm-1.10.1.jar;C:\Users\AC26252\.m2\repository\org\ow2\asm\asm\5.0.3\asm-5.0.3.jar;C:\Users\AC26252\.m2\repository\com\esotericsoftware\minlog\1.3.0\minlog-1.3.0.jar;C:\Users\AC26252\.m2\repository\org\objenesis\objenesis\2.1\objenesis-2.1.jar;C:\Users\AC26252\.m2\repository\org\clojure\clojure\1.7.0\clojure-1.7.0.jar;C:\Users\AC26252\.m2\repository\ring-cors\ring-cors\0.1.5\ring-cors-0.1.5.jar;C:\Users\AC26252\.m2\repository\com\lmax\disruptor\3.3.2\disruptor-3.3.2.jar;C:\Users\AC26252\.m2\repository\org\apache\logging\log4j\log4j-api\2.8.2\log4j-api-2.8.2.jar;C:\Users\AC26252\.m2\repository\org\apache\logging\log4j\log4j-core\2.8.2\log4j-core-2.8.2.jar;C:\Users\AC26252\.m2\repository\org\apache\logging\log4j\log4j-slf4j-impl\2.8.2\log4j-slf4j-impl-2.8.2.jar;C:\Users\AC26252\.m2\repository\org\slf4j\log4j-over-slf4j\1.6.6\log4j-over-slf4j-1.6.6.jar;C:\Users\AC26252\.m2\repository\io\dropwizard\metrics\metrics-core\3.1.0\metrics-core-3.1.0.jar;C:\Users\AC26252\.m2\repository\io\dropwizard\metrics\metrics-graphite\3.1.0\metrics-graphite-3.1.0.jar;C:\Users\AC26252\.m2\repository\io\dropwizard\metrics\metrics-ganglia\3.1.0\metrics-ganglia-3.1.0.jar;C:\Users\AC26252\.m2\repository\info\ganglia\gmetric4j\gmetric4j\1.0.7\gmetric4j-1.0.7.jar;C:\Users\AC26252\.m2\repository\javax\servlet\servlet-api\2.5\servlet-api-2.5.jar;C:\Users\AC26252\.m2\repository\org\slf4j\slf4j-api\1.7.21\slf4j-api-1.7.21.jar;"/>
    <property name="java.vm.vendor" value="Oracle Corporation"/>
    <property name="sun.arch.data.model" value="64"/>
    <property name="user.variant" value=""/>
    <property name="java.vendor.url" value="http://java.oracle.com/"/>
    <property name="user.timezone" value=""/>
    <property name="java.vm.specification.version" value="1.8"/>
    <property name="os.name" value="Windows 10"/>
    <property name="user.country" value="US"/>
    <property name="sun.java.launcher" value="SUN_STANDARD"/>
    <property name="sun.boot.library.path" value="C:\Projects\ATTOM\java\jdk1.8.0_60\jre\bin"/>
    <property name="sun.java.command" value="C:\Windows\Temp\surefire8208805556688910917\surefirebooter6869489861425740270.jar C:\Windows\Temp\surefire8208805556688910917 2018-10-21T22-59-13_086-jvmRun1 surefire7437401188101551074tmp surefire_06500279705712114462tmp"/>
    <property name="surefire.test.class.path" value="C:\myworkspace\github\tridentStorm\target\test-classes;C:\myworkspace\github\tridentStorm\target\classes;C:\Users\AC26252\.m2\repository\junit\junit\3.8.1\junit-3.8.1.jar;C:\Users\AC26252\.m2\repository\org\apache\storm\storm-core\1.2.2\storm-core-1.2.2.jar;C:\Users\AC26252\.m2\repository\com\esotericsoftware\kryo\3.0.3\kryo-3.0.3.jar;C:\Users\AC26252\.m2\repository\com\esotericsoftware\reflectasm\1.10.1\reflectasm-1.10.1.jar;C:\Users\AC26252\.m2\repository\org\ow2\asm\asm\5.0.3\asm-5.0.3.jar;C:\Users\AC26252\.m2\repository\com\esotericsoftware\minlog\1.3.0\minlog-1.3.0.jar;C:\Users\AC26252\.m2\repository\org\objenesis\objenesis\2.1\objenesis-2.1.jar;C:\Users\AC26252\.m2\repository\org\clojure\clojure\1.7.0\clojure-1.7.0.jar;C:\Users\AC26252\.m2\repository\ring-cors\ring-cors\0.1.5\ring-cors-0.1.5.jar;C:\Users\AC26252\.m2\repository\com\lmax\disruptor\3.3.2\disruptor-3.3.2.jar;C:\Users\AC26252\.m2\repository\org\apache\logging\log4j\log4j-api\2.8.2\log4j-api-2.8.2.jar;C:\Users\AC26252\.m2\repository\org\apache\logging\log4j\log4j-core\2.8.2\log4j-core-2.8.2.jar;C:\Users\AC26252\.m2\repository\org\apache\logging\log4j\log4j-slf4j-impl\2.8.2\log4j-slf4j-impl-2.8.2.jar;C:\Users\AC26252\.m2\repository\org\slf4j\log4j-over-slf4j\1.6.6\log4j-over-slf4j-1.6.6.jar;C:\Users\AC26252\.m2\repository\io\dropwizard\metrics\metrics-core\3.1.0\metrics-core-3.1.0.jar;C:\Users\AC26252\.m2\repository\io\dropwizard\metrics\metrics-graphite\3.1.0\metrics-graphite-3.1.0.jar;C:\Users\AC26252\.m2\repository\io\dropwizard\metrics\metrics-ganglia\3.1.0\metrics-ganglia-3.1.0.jar;C:\Users\AC26252\.m2\repository\info\ganglia\gmetric4j\gmetric4j\1.0.7\gmetric4j-1.0.7.jar;C:\Users\AC26252\.m2\repository\javax\servlet\servlet-api\2.5\servlet-api-2.5.jar;C:\Users\AC26252\.m2\repository\org\slf4j\slf4j-api\1.7.21\slf4j-api-1.7.21.jar;"/>
    <property name="sun.cpu.endian" value="little"/>
    <property name="user.home" value="C:\Users\AC26252"/>
    <property name="user.language" value="en"/>
    <property name="java.specification.vendor" value="Oracle Corporation"/>
    <property name="java.home" value="C:\Projects\ATTOM\java\jdk1.8.0_60\jre"/>
    <property name="basedir" value="C:\myworkspace\github\tridentStorm"/>
    <property name="file.separator" value="\"/>
    <property name="line.separator" value="&#10;"/>
    <property name="java.vm.specification.vendor" value="Oracle Corporation"/>
    <property name="java.specification.name" value="Java Platform API Specification"/>
    <property name="java.awt.graphicsenv" value="sun.awt.Win32GraphicsEnvironment"/>
    <property name="surefire.real.class.path" value="C:\Windows\Temp\surefire8208805556688910917\surefirebooter6869489861425740270.jar"/>
    <property name="sun.boot.class.path" value="C:\Projects\ATTOM\java\jdk1.8.0_60\jre\lib\resources.jar;C:\Projects\ATTOM\java\jdk1.8.0_60\jre\lib\rt.jar;C:\Projects\ATTOM\java\jdk1.8.0_60\jre\lib\sunrsasign.jar;C:\Projects\ATTOM\java\jdk1.8.0_60\jre\lib\jsse.jar;C:\Projects\ATTOM\java\jdk1.8.0_60\jre\lib\jce.jar;C:\Projects\ATTOM\java\jdk1.8.0_60\jre\lib\charsets.jar;C:\Projects\ATTOM\java\jdk1.8.0_60\jre\lib\jfr.jar;C:\Projects\ATTOM\java\jdk1.8.0_60\jre\classes"/>
    <property name="user.script" value=""/>
    <property name="sun.management.compiler" value="HotSpot 64-Bit Tiered Compilers"/>
    <property name="java.runtime.version" value="1.8.0_60-b27"/>
    <property name="user.name" value="AC26252"/>
    <property name="path.separator" value=";"/>
    <property name="os.version" value="10.0"/>
    <property name="java.endorsed.dirs" value="C:\Projects\ATTOM\java\jdk1.8.0_60\jre\lib\endorsed"/>
    <property name="java.runtime.name" value="Java(TM) SE Runtime Environment"/>
    <property name="file.encoding" value="Cp1252"/>
    <property name="java.vm.name" value="Java HotSpot(TM) 64-Bit Server VM"/>
    <property name="localRepository" value="C:\Users\AC26252\.m2\repository"/>
    <property name="java.vendor.url.bug" value="http://bugreport.sun.com/bugreport/"/>
    <property name="java.io.tmpdir" value="C:\Windows\Temp\"/>
    <property name="java.version" value="1.8.0_60"/>
    <property name="user.dir" value="C:\myworkspace\github\tridentStorm"/>
    <property name="os.arch" value="amd64"/>
    <property name="java.vm.specification.name" value="Java Virtual Machine Specification"/>
    <property name="java.awt.printerjob" value="sun.awt.windows.WPrinterJob"/>
    <property name="sun.os.patch.level" value=""/>
    <property name="java.library.path" value="C:\Projects\ATTOM\java\jdk1.8.0_60\jre\bin;C:\WINDOWS\Sun\Java\bin;C:\WINDOWS\system32;C:\WINDOWS;C:\Program Files (x86)\Serena\Dimensions\CM\prog64;C:\Program Files (x86)\Serena\Dimensions\CM\prog;C:\Program Files (x86)\Common Files\Oracle\Java\javapath;C:\Program Files (x86)\Intel\iCLS Client\;C:\Program Files\Intel\iCLS Client\;C:\WINDOWS\system32;C:\WINDOWS;C:\WINDOWS\System32\Wbem;C:\WINDOWS\System32\WindowsPowerShell\v1.0\;C:\Program Files (x86)\Intel\Intel(R) Management Engine Components\DAL;C:\Program Files\Intel\Intel(R) Management Engine Components\DAL;C:\Program Files (x86)\Intel\Intel(R) Management Engine Components\IPT;C:\Program Files\Intel\Intel(R) Management Engine Components\IPT;C:\Program Files (x86)\Sennheiser\SoftphoneSDK\;C:\CTLI_Work\softwares\gradle-4.7-bin\gradle-4.7\bin;C:\CTLI_Work\softwares\apache-ant-1.10.3-bin\apache-ant-1.10.3\bin;C:\CTLI_Work\softwares\apache-maven-3.5.3-bin\apache-maven-3.5.3\bin;C:\Program Files (x86)\Microsoft Application Virtualization Client;C:\Program Files\nodejs\;C:\Users\AC26252\AppData\Local\Microsoft\WindowsApps;C:\Users\AC26252\AppData\Local\Programs\Git\cmd;C:\Program Files\Microsoft VS Code\bin;C:\Users\AC26252\AppData\Roaming\npm;."/>
    <property name="java.vm.info" value="mixed mode"/>
    <property name="java.vendor" value="Oracle Corporation"/>
    <property name="java.vm.version" value="25.60-b23"/>
    <property name="java.ext.dirs" value="C:\Projects\ATTOM\java\jdk1.8.0_60\jre\lib\ext;C:\WINDOWS\Sun\Java\lib\ext"/>
    <property name="sun.io.unicode.encoding" value="UnicodeLittle"/>
    <property name="java.class.version" value="52.0"/>
  </properties>
  <testcase name="testApp" classname="storm.tridentStorm.AppTest" time="0.001"/>
</testsuite>